2015-03-06 23:52:18,303 - [INFO] - from play in pool-4-thread-2 
Listening for HTTP on /0:0:0:0:0:0:0:0:9000

2015-03-06 23:52:21,546 - [INFO] - from play in play-internal-execution-context-1 
Application started (Dev)

2015-03-06 23:54:14,029 - [INFO] - from play in play-internal-execution-context-1 
Application started (Dev)

2015-03-06 23:57:18,931 - [INFO] - from play in play-internal-execution-context-1 
Application started (Dev)

2015-03-06 23:59:25,238 - [INFO] - from play in play-internal-execution-context-1 
Application started (Dev)

2015-03-06 23:59:25,528 - [INFO] - from play in play-internal-execution-context-1 
Application started (Dev)

2015-03-07 00:00:10,198 - [INFO] - from play in play-internal-execution-context-1 
Application started (Dev)

2015-03-07 00:00:37,213 - [INFO] - from play in play-internal-execution-context-4 
Application started (Dev)

2015-03-07 00:01:03,457 - [INFO] - from play in play-internal-execution-context-4 
Application started (Dev)

2015-03-07 00:01:21,703 - [INFO] - from play in play-internal-execution-context-6 
Application started (Dev)

2015-03-07 00:05:18,878 - [INFO] - from play in play-internal-execution-context-4 
Application started (Dev)

2015-03-07 00:06:43,250 - [INFO] - from play in play-internal-execution-context-8 
Application started (Dev)

2015-03-07 00:07:54,077 - [INFO] - from play in play-internal-execution-context-8 
Application started (Dev)

2015-03-07 00:14:43,822 - [INFO] - from play in play-internal-execution-context-8 
Application started (Dev)

2015-03-07 00:20:04,021 - [INFO] - from play in play-internal-execution-context-11 
Application started (Dev)

2015-03-07 00:20:46,991 - [INFO] - from play in play-internal-execution-context-11 
Application started (Dev)

2015-03-07 00:21:47,843 - [INFO] - from play in play-internal-execution-context-11 
Application started (Dev)

2015-03-07 00:23:44,734 - [INFO] - from play in play-internal-execution-context-12 
Application started (Dev)

2015-03-07 00:24:23,249 - [INFO] - from play in play-internal-execution-context-12 
Application started (Dev)

2015-03-07 00:26:21,699 - [ERROR] - from application in New I/O worker #13 


! @6ld5o5jgb - Internal server error, for (GET) [/simulation] ->

play.PlayExceptions$CompilationException: Compilation error[not found: value title]
	at play.PlayReloader$$anon$1$$anonfun$reload$2$$anonfun$apply$14$$anonfun$apply$16.apply(PlayReloader.scala:304) ~[na:na]
	at play.PlayReloader$$anon$1$$anonfun$reload$2$$anonfun$apply$14$$anonfun$apply$16.apply(PlayReloader.scala:304) ~[na:na]
	at scala.Option.map(Option.scala:145) ~[scala-library.jar:na]
	at play.PlayReloader$$anon$1$$anonfun$reload$2$$anonfun$apply$14.apply(PlayReloader.scala:304) ~[na:na]
	at play.PlayReloader$$anon$1$$anonfun$reload$2$$anonfun$apply$14.apply(PlayReloader.scala:298) ~[na:na]
	at scala.Option.map(Option.scala:145) ~[scala-library.jar:na]
	at play.PlayReloader$$anon$1$$anonfun$reload$2.apply(PlayReloader.scala:298) ~[na:na]
	at play.PlayReloader$$anon$1$$anonfun$reload$2.apply(PlayReloader.scala:296) ~[na:na]
	at scala.util.Either$LeftProjection.map(Either.scala:377) ~[scala-library.jar:na]
	at play.PlayReloader$$anon$1.reload(PlayReloader.scala:296) ~[na:na]
	at play.core.ReloadableApplication$$anonfun$get$1.apply(ApplicationProvider.scala:104) ~[play_2.10.jar:2.2.4]
	at play.core.ReloadableApplication$$anonfun$get$1.apply(ApplicationProvider.scala:102) ~[play_2.10.jar:2.2.4]
	at scala.concurrent.impl.Future$PromiseCompletingRunnable.liftedTree1$1(Future.scala:24) ~[scala-library.jar:na]
	at scala.concurrent.impl.Future$PromiseCompletingRunnable.run(Future.scala:24) ~[scala-library.jar:na]
	at scala.concurrent.forkjoin.ForkJoinTask$AdaptedRunnableAction.exec(ForkJoinTask.java:1361) ~[scala-library.jar:na]
	at scala.concurrent.forkjoin.ForkJoinTask.doExec(ForkJoinTask.java:260) ~[scala-library.jar:na]
	at scala.concurrent.forkjoin.ForkJoinPool$WorkQueue.runTask(ForkJoinPool.java:1339) ~[scala-library.jar:na]
	at scala.concurrent.forkjoin.ForkJoinPool.runWorker(ForkJoinPool.java:1979) ~[scala-library.jar:na]
	at scala.concurrent.forkjoin.ForkJoinWorkerThread.run(ForkJoinWorkerThread.java:107) ~[scala-library.jar:na]

2015-03-07 00:26:41,010 - [INFO] - from play in play-internal-execution-context-12 
Application started (Dev)

2015-03-07 00:27:11,409 - [INFO] - from play in play-internal-execution-context-12 
Application started (Dev)

2015-03-07 00:27:23,939 - [INFO] - from play in play-internal-execution-context-13 
Application started (Dev)

2015-03-07 00:28:02,347 - [INFO] - from play in play-internal-execution-context-12 
Application started (Dev)

2015-03-07 00:28:49,084 - [INFO] - from play in play-internal-execution-context-12 
Application started (Dev)

2015-03-07 00:29:16,467 - [INFO] - from play in play-internal-execution-context-12 
Application started (Dev)

2015-03-07 00:29:24,709 - [INFO] - from play in play-internal-execution-context-12 
Application started (Dev)

2015-03-07 00:29:41,063 - [INFO] - from play in play-internal-execution-context-14 
Application started (Dev)

2015-03-07 00:30:11,540 - [INFO] - from play in play-internal-execution-context-14 
Application started (Dev)

2015-03-07 00:30:55,977 - [INFO] - from play in play-internal-execution-context-15 
Application started (Dev)

2015-03-07 00:32:44,335 - [INFO] - from play in play-internal-execution-context-15 
Application started (Dev)

2015-03-07 00:33:25,908 - [INFO] - from play in play-internal-execution-context-15 
Application started (Dev)

2015-03-07 00:34:38,120 - [INFO] - from play in play-internal-execution-context-16 
Application started (Dev)

2015-03-07 00:35:11,725 - [INFO] - from play in play-internal-execution-context-16 
Application started (Dev)

2015-03-07 00:36:22,677 - [INFO] - from play in play-internal-execution-context-17 
Application started (Dev)

2015-03-07 00:36:43,717 - [INFO] - from play in play-internal-execution-context-17 
Application started (Dev)

2015-03-07 00:37:04,315 - [INFO] - from play in play-internal-execution-context-17 
Application started (Dev)

2015-03-07 00:37:36,509 - [INFO] - from play in play-internal-execution-context-18 
Application started (Dev)

2015-03-07 00:37:52,372 - [INFO] - from play in play-internal-execution-context-18 
Application started (Dev)

2015-03-07 00:38:20,136 - [INFO] - from play in play-internal-execution-context-18 
Application started (Dev)

2015-03-07 00:38:20,354 - [INFO] - from play in play-internal-execution-context-18 
Application started (Dev)

2015-03-07 00:38:35,847 - [INFO] - from play in play-internal-execution-context-18 
Application started (Dev)

2015-03-07 00:41:37,222 - [INFO] - from play in play-internal-execution-context-18 
Application started (Dev)

2015-03-07 00:41:37,769 - [INFO] - from play in play-internal-execution-context-18 
Application started (Dev)

2015-03-07 00:42:01,302 - [INFO] - from play in play-internal-execution-context-20 
Application started (Dev)

2015-03-07 00:43:40,315 - [INFO] - from play in play-internal-execution-context-20 
Application started (Dev)

2015-03-07 00:44:34,295 - [INFO] - from play in play-internal-execution-context-20 
Application started (Dev)

2015-03-07 00:45:08,143 - [INFO] - from play in play-internal-execution-context-20 
Application started (Dev)

2015-03-07 00:47:40,461 - [INFO] - from play in play-internal-execution-context-20 
Application started (Dev)

2015-03-07 00:47:50,527 - [INFO] - from play in play-internal-execution-context-20 
Application started (Dev)

2015-03-07 00:48:00,545 - [INFO] - from play in play-internal-execution-context-20 
Application started (Dev)

2015-03-07 00:48:13,164 - [INFO] - from play in play-internal-execution-context-20 
Application started (Dev)

2015-03-07 00:48:28,978 - [INFO] - from play in play-internal-execution-context-20 
Application started (Dev)

